Arguments: 
  C:\Program Files\nodejs\node.exe C:\Program Files (x86)\Yarn\bin\yarn.js add create-react-app govtechApp

PATH: 
  C:\Users\alnur\bin;C:\Program Files\Git\mingw64\bin;C:\Program Files\Git\usr\local\bin;C:\Program Files\Git\usr\bin;C:\Program Files\Git\usr\bin;C:\Program Files\Git\mingw64\bin;C:\Program Files\Git\usr\bin;C:\Users\alnur\bin;C:\Program Files (x86)\Common Files\Oracle\Java\javapath;C:\Program Files (x86)\NVIDIA Corporation\PhysX\Common;C:\Program Files (x86)\Intel\iCLS Client;C:\Program Files\Intel\iCLS Client;C:\WINDOWS\system32;C:\WINDOWS;C:\WINDOWS\System32\Wbem;C:\WINDOWS\System32\WindowsPowerShell\v1.0;C:\Program Files (x86)\Intel\Intel(R) Management Engine Components\DAL;C:\Program Files\Intel\Intel(R) Management Engine Components\DAL;C:\Program Files (x86)\Intel\Intel(R) Management Engine Components\IPT;C:\Program Files\Intel\Intel(R) Management Engine Components\IPT;C:\Program Files\Intel\IntelSGXPSW\bin\x64\Release;C:\Program Files\Intel\IntelSGXPSW\bin\win32\Release;C:\Program Files (x86)\ATI Technologies\ATI.ACE\Core-Static;C:\Program Files\Git\cmd;C:\Program Files (x86)\QuickTime\QTSystem;C:\MinGW\bin;C:\wamp\www\homecooks\lib\Cake\Console;C:\wamp\bin\php\php5.5.12;C:\wamp\bin\mysql\mysql5.6.17\bin;C:\Program Files (x86)\Skype\Phone;C:\Program Files (x86)\Brackets\command;C:\ProgramData\ComposerSetup\bin;C:\ProgramData\chocolatey\bin;C:\Program Files\nodejs;C:\WINDOWS\System32\OpenSSH;C:\Program Files (x86)\Yarn\bin;C:\Users\alnur\Anaconda3;C:\Users\alnur\Anaconda3\Library\mingw-w64\bin;C:\Users\alnur\Anaconda3\Library\usr\bin;C:\Users\alnur\Anaconda3\Library\bin;C:\Users\alnur\Anaconda3\Scripts;C:\Users\alnur\AppData\Local\Programs\Python\Python36\Scripts;C:\Users\alnur\AppData\Local\Programs\Python\Python36;C:\Ruby24-x64\bin;C:\Users\alnur\AppData\Local\Microsoft\WindowsApps;C:\Users\alnur\AppData\Roaming\Composer\vendor\bin;C:\Program Files\Microsoft VS Code\bin;C:\Program Files\MongoDB\Server\3.4\bin;C:\Program Files\Heroku\bin;C:\Users\alnur\AppData\Roaming\npm;C:\Program Files\Docker Toolbox;C:\Users\alnur\AppData\Local\Yarn\bin;C:\Program Files\Git\usr\bin\vendor_perl;C:\Program Files\Git\usr\bin\core_perl

Yarn version: 
  1.7.0

Node version: 
  9.11.1

Platform: 
  win32 x64

Trace: 
  Error: https://registry.yarnpkg.com/govtechApp: Not found
      at Request.params.callback [as _callback] (C:\Program Files (x86)\Yarn\lib\cli.js:65656:18)
      at Request.self.callback (C:\Program Files (x86)\Yarn\lib\cli.js:134675:22)
      at Request.emit (events.js:180:13)
      at Request.<anonymous> (C:\Program Files (x86)\Yarn\lib\cli.js:135658:10)
      at Request.emit (events.js:180:13)
      at IncomingMessage.<anonymous> (C:\Program Files (x86)\Yarn\lib\cli.js:135578:12)
      at Object.onceWrapper (events.js:272:13)
      at IncomingMessage.emit (events.js:185:15)
      at endReadableNT (_stream_readable.js:1106:12)
      at process._tickCallback (internal/process/next_tick.js:178:19)

npm manifest: 
  {
    "name": "govtech",
    "version": "1.0.0",
    "main": "index.js",
    "author": "Alnur_Faisal <alnurfaisal@outlook.com>",
    "license": "MIT"
  }

yarn manifest: 
  No manifest

Lockfile: 
  No lockfile
